[  0%] Built target roscpp_generate_messages_eus
[  0%] Built target std_msgs_generate_messages_py
[  0%] Built target _action_exercise_generate_messages_check_deps_ChargingActionFeedback
[  0%] Built target _action_exercise_generate_messages_check_deps_ChargingGoal
[  0%] Built target _action_exercise_generate_messages_check_deps_ChargingActionGoal
[  0%] Built target _action_exercise_generate_messages_check_deps_ChargingActionResult
[  0%] Built target _action_exercise_generate_messages_check_deps_ChargingResult
[  0%] Built target actionlib_msgs_generate_messages_py
[  0%] Built target std_msgs_generate_messages_lisp
[  0%] Built target _action_exercise_generate_messages_check_deps_ChargingAction
[  0%] Built target actionlib_msgs_generate_messages_lisp
[  0%] Built target actionlib_msgs_generate_messages_eus
[  0%] Built target std_msgs_generate_messages_eus
[  0%] Built target actionlib_msgs_generate_messages_nodejs
[  0%] Built target rosgraph_msgs_generate_messages_eus
[  0%] Built target std_msgs_generate_messages_nodejs
[  0%] Built target roscpp_generate_messages_py
[  0%] Built target actionlib_msgs_generate_messages_cpp
[  0%] Built target _action_exercise_generate_messages_check_deps_ChargingFeedback
[  0%] Built target actionlib_generate_messages_eus
[  0%] Built target rosgraph_msgs_generate_messages_py
[  0%] Built target actionlib_generate_messages_nodejs
[  0%] Built target roscpp_generate_messages_lisp
[  0%] Built target rosgraph_msgs_generate_messages_lisp
[  0%] Built target _catkin_empty_exported_target
[  0%] Built target actionlib_generate_messages_lisp
[  0%] Built target actionlib_generate_messages_py
[  0%] Built target actionlib_generate_messages_cpp
[  0%] Built target rosgraph_msgs_generate_messages_nodejs
[  0%] Built target roscpp_generate_messages_nodejs
[  0%] Built target std_msgs_generate_messages_cpp
[  0%] Built target rosgraph_msgs_generate_messages_cpp
[  0%] Built target roscpp_generate_messages_cpp
[ 41%] Built target action_exercise_generate_messages_cpp
[ 43%] Built target action_exercise_generate_messages_eus
[ 73%] Built target action_exercise_generate_messages_lisp
[ 73%] Built target action_exercise_generate_messages_py
[ 90%] Built target action_exercise_generate_messages_nodejs
[35m[1mScanning dependencies of target charging_client[0m
[ 90%] Built target action_exercise_generate_messages
[ 95%] Built target charging_server
[ 97%] [32mBuilding CXX object CMakeFiles/charging_client.dir/src/charging_client.cpp.o[0m
[100%] [32m[1mLinking CXX executable /home/nikolavukas/exercises_ws/devel/.private/action_exercise/lib/action_exercise/charging_client[0m
[100%] Built target charging_client
