Linked: (/home/nikolavukas/exercises_ws/devel/.private/action_exercise/include/action_exercise/ChargingAction.h, /home/nikolavukas/exercises_ws/devel/include/action_exercise/ChargingAction.h)
Linked: (/home/nikolavukas/exercises_ws/devel/.private/action_exercise/include/action_exercise/ChargingActionGoal.h, /home/nikolavukas/exercises_ws/devel/include/action_exercise/ChargingActionGoal.h)
Linked: (/home/nikolavukas/exercises_ws/devel/.private/action_exercise/include/action_exercise/ChargingActionFeedback.h, /home/nikolavukas/exercises_ws/devel/include/action_exercise/ChargingActionFeedback.h)
Linked: (/home/nikolavukas/exercises_ws/devel/.private/action_exercise/include/action_exercise/ChargingGoal.h, /home/nikolavukas/exercises_ws/devel/include/action_exercise/ChargingGoal.h)
Linked: (/home/nikolavukas/exercises_ws/devel/.private/action_exercise/include/action_exercise/ChargingResult.h, /home/nikolavukas/exercises_ws/devel/include/action_exercise/ChargingResult.h)
Linked: (/home/nikolavukas/exercises_ws/devel/.private/action_exercise/include/action_exercise/ChargingFeedback.h, /home/nikolavukas/exercises_ws/devel/include/action_exercise/ChargingFeedback.h)
Linked: (/home/nikolavukas/exercises_ws/devel/.private/action_exercise/include/action_exercise/ChargingActionResult.h, /home/nikolavukas/exercises_ws/devel/include/action_exercise/ChargingActionResult.h)
Linked: (/home/nikolavukas/exercises_ws/devel/.private/action_exercise/lib/action_exercise/charging_server, /home/nikolavukas/exercises_ws/devel/lib/action_exercise/charging_server)
Linked: (/home/nikolavukas/exercises_ws/devel/.private/action_exercise/lib/action_exercise/charging_client, /home/nikolavukas/exercises_ws/devel/lib/action_exercise/charging_client)
Linked: (/home/nikolavukas/exercises_ws/devel/.private/action_exercise/lib/pkgconfig/action_exercise.pc, /home/nikolavukas/exercises_ws/devel/lib/pkgconfig/action_exercise.pc)
Linked: (/home/nikolavukas/exercises_ws/devel/.private/action_exercise/lib/python3/dist-packages/action_exercise/__init__.py, /home/nikolavukas/exercises_ws/devel/lib/python3/dist-packages/action_exercise/__init__.py)
Linked: (/home/nikolavukas/exercises_ws/devel/.private/action_exercise/lib/python3/dist-packages/action_exercise/msg/_ChargingActionGoal.py, /home/nikolavukas/exercises_ws/devel/lib/python3/dist-packages/action_exercise/msg/_ChargingActionGoal.py)
Linked: (/home/nikolavukas/exercises_ws/devel/.private/action_exercise/lib/python3/dist-packages/action_exercise/msg/_ChargingActionResult.py, /home/nikolavukas/exercises_ws/devel/lib/python3/dist-packages/action_exercise/msg/_ChargingActionResult.py)
Linked: (/home/nikolavukas/exercises_ws/devel/.private/action_exercise/lib/python3/dist-packages/action_exercise/msg/_ChargingAction.py, /home/nikolavukas/exercises_ws/devel/lib/python3/dist-packages/action_exercise/msg/_ChargingAction.py)
Linked: (/home/nikolavukas/exercises_ws/devel/.private/action_exercise/lib/python3/dist-packages/action_exercise/msg/_ChargingResult.py, /home/nikolavukas/exercises_ws/devel/lib/python3/dist-packages/action_exercise/msg/_ChargingResult.py)
Linked: (/home/nikolavukas/exercises_ws/devel/.private/action_exercise/lib/python3/dist-packages/action_exercise/msg/_ChargingGoal.py, /home/nikolavukas/exercises_ws/devel/lib/python3/dist-packages/action_exercise/msg/_ChargingGoal.py)
Linked: (/home/nikolavukas/exercises_ws/devel/.private/action_exercise/lib/python3/dist-packages/action_exercise/msg/_ChargingActionFeedback.py, /home/nikolavukas/exercises_ws/devel/lib/python3/dist-packages/action_exercise/msg/_ChargingActionFeedback.py)
Linked: (/home/nikolavukas/exercises_ws/devel/.private/action_exercise/lib/python3/dist-packages/action_exercise/msg/_ChargingFeedback.py, /home/nikolavukas/exercises_ws/devel/lib/python3/dist-packages/action_exercise/msg/_ChargingFeedback.py)
Linked: (/home/nikolavukas/exercises_ws/devel/.private/action_exercise/lib/python3/dist-packages/action_exercise/msg/__init__.py, /home/nikolavukas/exercises_ws/devel/lib/python3/dist-packages/action_exercise/msg/__init__.py)
Linked: (/home/nikolavukas/exercises_ws/devel/.private/action_exercise/share/action_exercise/cmake/action_exerciseConfig-version.cmake, /home/nikolavukas/exercises_ws/devel/share/action_exercise/cmake/action_exerciseConfig-version.cmake)
Linked: (/home/nikolavukas/exercises_ws/devel/.private/action_exercise/share/action_exercise/cmake/action_exercise-msg-paths.cmake, /home/nikolavukas/exercises_ws/devel/share/action_exercise/cmake/action_exercise-msg-paths.cmake)
Linked: (/home/nikolavukas/exercises_ws/devel/.private/action_exercise/share/action_exercise/cmake/action_exercise-msg-extras.cmake, /home/nikolavukas/exercises_ws/devel/share/action_exercise/cmake/action_exercise-msg-extras.cmake)
Linked: (/home/nikolavukas/exercises_ws/devel/.private/action_exercise/share/action_exercise/cmake/action_exerciseConfig.cmake, /home/nikolavukas/exercises_ws/devel/share/action_exercise/cmake/action_exerciseConfig.cmake)
Linked: (/home/nikolavukas/exercises_ws/devel/.private/action_exercise/share/action_exercise/msg/ChargingResult.msg, /home/nikolavukas/exercises_ws/devel/share/action_exercise/msg/ChargingResult.msg)
Linked: (/home/nikolavukas/exercises_ws/devel/.private/action_exercise/share/action_exercise/msg/ChargingActionFeedback.msg, /home/nikolavukas/exercises_ws/devel/share/action_exercise/msg/ChargingActionFeedback.msg)
Linked: (/home/nikolavukas/exercises_ws/devel/.private/action_exercise/share/action_exercise/msg/ChargingFeedback.msg, /home/nikolavukas/exercises_ws/devel/share/action_exercise/msg/ChargingFeedback.msg)
Linked: (/home/nikolavukas/exercises_ws/devel/.private/action_exercise/share/action_exercise/msg/ChargingAction.msg, /home/nikolavukas/exercises_ws/devel/share/action_exercise/msg/ChargingAction.msg)
Linked: (/home/nikolavukas/exercises_ws/devel/.private/action_exercise/share/action_exercise/msg/ChargingActionResult.msg, /home/nikolavukas/exercises_ws/devel/share/action_exercise/msg/ChargingActionResult.msg)
Linked: (/home/nikolavukas/exercises_ws/devel/.private/action_exercise/share/action_exercise/msg/ChargingActionGoal.msg, /home/nikolavukas/exercises_ws/devel/share/action_exercise/msg/ChargingActionGoal.msg)
Linked: (/home/nikolavukas/exercises_ws/devel/.private/action_exercise/share/action_exercise/msg/ChargingGoal.msg, /home/nikolavukas/exercises_ws/devel/share/action_exercise/msg/ChargingGoal.msg)
Linked: (/home/nikolavukas/exercises_ws/devel/.private/action_exercise/share/roseus/ros/action_exercise/manifest.l, /home/nikolavukas/exercises_ws/devel/share/roseus/ros/action_exercise/manifest.l)
Linked: (/home/nikolavukas/exercises_ws/devel/.private/action_exercise/share/roseus/ros/action_exercise/msg/ChargingActionGoal.l, /home/nikolavukas/exercises_ws/devel/share/roseus/ros/action_exercise/msg/ChargingActionGoal.l)
Linked: (/home/nikolavukas/exercises_ws/devel/.private/action_exercise/share/roseus/ros/action_exercise/msg/ChargingAction.l, /home/nikolavukas/exercises_ws/devel/share/roseus/ros/action_exercise/msg/ChargingAction.l)
Linked: (/home/nikolavukas/exercises_ws/devel/.private/action_exercise/share/roseus/ros/action_exercise/msg/ChargingFeedback.l, /home/nikolavukas/exercises_ws/devel/share/roseus/ros/action_exercise/msg/ChargingFeedback.l)
Linked: (/home/nikolavukas/exercises_ws/devel/.private/action_exercise/share/roseus/ros/action_exercise/msg/ChargingActionFeedback.l, /home/nikolavukas/exercises_ws/devel/share/roseus/ros/action_exercise/msg/ChargingActionFeedback.l)
Linked: (/home/nikolavukas/exercises_ws/devel/.private/action_exercise/share/roseus/ros/action_exercise/msg/ChargingGoal.l, /home/nikolavukas/exercises_ws/devel/share/roseus/ros/action_exercise/msg/ChargingGoal.l)
Linked: (/home/nikolavukas/exercises_ws/devel/.private/action_exercise/share/roseus/ros/action_exercise/msg/ChargingResult.l, /home/nikolavukas/exercises_ws/devel/share/roseus/ros/action_exercise/msg/ChargingResult.l)
Linked: (/home/nikolavukas/exercises_ws/devel/.private/action_exercise/share/roseus/ros/action_exercise/msg/ChargingActionResult.l, /home/nikolavukas/exercises_ws/devel/share/roseus/ros/action_exercise/msg/ChargingActionResult.l)
Linked: (/home/nikolavukas/exercises_ws/devel/.private/action_exercise/share/gennodejs/ros/action_exercise/_index.js, /home/nikolavukas/exercises_ws/devel/share/gennodejs/ros/action_exercise/_index.js)
Linked: (/home/nikolavukas/exercises_ws/devel/.private/action_exercise/share/gennodejs/ros/action_exercise/msg/ChargingResult.js, /home/nikolavukas/exercises_ws/devel/share/gennodejs/ros/action_exercise/msg/ChargingResult.js)
Linked: (/home/nikolavukas/exercises_ws/devel/.private/action_exercise/share/gennodejs/ros/action_exercise/msg/ChargingActionFeedback.js, /home/nikolavukas/exercises_ws/devel/share/gennodejs/ros/action_exercise/msg/ChargingActionFeedback.js)
Linked: (/home/nikolavukas/exercises_ws/devel/.private/action_exercise/share/gennodejs/ros/action_exercise/msg/ChargingActionGoal.js, /home/nikolavukas/exercises_ws/devel/share/gennodejs/ros/action_exercise/msg/ChargingActionGoal.js)
Linked: (/home/nikolavukas/exercises_ws/devel/.private/action_exercise/share/gennodejs/ros/action_exercise/msg/ChargingAction.js, /home/nikolavukas/exercises_ws/devel/share/gennodejs/ros/action_exercise/msg/ChargingAction.js)
Linked: (/home/nikolavukas/exercises_ws/devel/.private/action_exercise/share/gennodejs/ros/action_exercise/msg/ChargingGoal.js, /home/nikolavukas/exercises_ws/devel/share/gennodejs/ros/action_exercise/msg/ChargingGoal.js)
Linked: (/home/nikolavukas/exercises_ws/devel/.private/action_exercise/share/gennodejs/ros/action_exercise/msg/ChargingActionResult.js, /home/nikolavukas/exercises_ws/devel/share/gennodejs/ros/action_exercise/msg/ChargingActionResult.js)
Linked: (/home/nikolavukas/exercises_ws/devel/.private/action_exercise/share/gennodejs/ros/action_exercise/msg/_index.js, /home/nikolavukas/exercises_ws/devel/share/gennodejs/ros/action_exercise/msg/_index.js)
Linked: (/home/nikolavukas/exercises_ws/devel/.private/action_exercise/share/gennodejs/ros/action_exercise/msg/ChargingFeedback.js, /home/nikolavukas/exercises_ws/devel/share/gennodejs/ros/action_exercise/msg/ChargingFeedback.js)
Linked: (/home/nikolavukas/exercises_ws/devel/.private/action_exercise/share/common-lisp/ros/action_exercise/msg/_package_ChargingResult.lisp, /home/nikolavukas/exercises_ws/devel/share/common-lisp/ros/action_exercise/msg/_package_ChargingResult.lisp)
Linked: (/home/nikolavukas/exercises_ws/devel/.private/action_exercise/share/common-lisp/ros/action_exercise/msg/ChargingActionFeedback.lisp, /home/nikolavukas/exercises_ws/devel/share/common-lisp/ros/action_exercise/msg/ChargingActionFeedback.lisp)
Linked: (/home/nikolavukas/exercises_ws/devel/.private/action_exercise/share/common-lisp/ros/action_exercise/msg/ChargingActionResult.lisp, /home/nikolavukas/exercises_ws/devel/share/common-lisp/ros/action_exercise/msg/ChargingActionResult.lisp)
Linked: (/home/nikolavukas/exercises_ws/devel/.private/action_exercise/share/common-lisp/ros/action_exercise/msg/ChargingActionGoal.lisp, /home/nikolavukas/exercises_ws/devel/share/common-lisp/ros/action_exercise/msg/ChargingActionGoal.lisp)
Linked: (/home/nikolavukas/exercises_ws/devel/.private/action_exercise/share/common-lisp/ros/action_exercise/msg/ChargingResult.lisp, /home/nikolavukas/exercises_ws/devel/share/common-lisp/ros/action_exercise/msg/ChargingResult.lisp)
Linked: (/home/nikolavukas/exercises_ws/devel/.private/action_exercise/share/common-lisp/ros/action_exercise/msg/_package_ChargingFeedback.lisp, /home/nikolavukas/exercises_ws/devel/share/common-lisp/ros/action_exercise/msg/_package_ChargingFeedback.lisp)
Linked: (/home/nikolavukas/exercises_ws/devel/.private/action_exercise/share/common-lisp/ros/action_exercise/msg/ChargingFeedback.lisp, /home/nikolavukas/exercises_ws/devel/share/common-lisp/ros/action_exercise/msg/ChargingFeedback.lisp)
Linked: (/home/nikolavukas/exercises_ws/devel/.private/action_exercise/share/common-lisp/ros/action_exercise/msg/_package_ChargingActionResult.lisp, /home/nikolavukas/exercises_ws/devel/share/common-lisp/ros/action_exercise/msg/_package_ChargingActionResult.lisp)
Linked: (/home/nikolavukas/exercises_ws/devel/.private/action_exercise/share/common-lisp/ros/action_exercise/msg/ChargingGoal.lisp, /home/nikolavukas/exercises_ws/devel/share/common-lisp/ros/action_exercise/msg/ChargingGoal.lisp)
Linked: (/home/nikolavukas/exercises_ws/devel/.private/action_exercise/share/common-lisp/ros/action_exercise/msg/_package_ChargingAction.lisp, /home/nikolavukas/exercises_ws/devel/share/common-lisp/ros/action_exercise/msg/_package_ChargingAction.lisp)
Linked: (/home/nikolavukas/exercises_ws/devel/.private/action_exercise/share/common-lisp/ros/action_exercise/msg/ChargingAction.lisp, /home/nikolavukas/exercises_ws/devel/share/common-lisp/ros/action_exercise/msg/ChargingAction.lisp)
Linked: (/home/nikolavukas/exercises_ws/devel/.private/action_exercise/share/common-lisp/ros/action_exercise/msg/_package_ChargingActionFeedback.lisp, /home/nikolavukas/exercises_ws/devel/share/common-lisp/ros/action_exercise/msg/_package_ChargingActionFeedback.lisp)
Linked: (/home/nikolavukas/exercises_ws/devel/.private/action_exercise/share/common-lisp/ros/action_exercise/msg/_package_ChargingActionGoal.lisp, /home/nikolavukas/exercises_ws/devel/share/common-lisp/ros/action_exercise/msg/_package_ChargingActionGoal.lisp)
Linked: (/home/nikolavukas/exercises_ws/devel/.private/action_exercise/share/common-lisp/ros/action_exercise/msg/action_exercise-msg.asd, /home/nikolavukas/exercises_ws/devel/share/common-lisp/ros/action_exercise/msg/action_exercise-msg.asd)
Linked: (/home/nikolavukas/exercises_ws/devel/.private/action_exercise/share/common-lisp/ros/action_exercise/msg/_package_ChargingGoal.lisp, /home/nikolavukas/exercises_ws/devel/share/common-lisp/ros/action_exercise/msg/_package_ChargingGoal.lisp)
Linked: (/home/nikolavukas/exercises_ws/devel/.private/action_exercise/share/common-lisp/ros/action_exercise/msg/_package.lisp, /home/nikolavukas/exercises_ws/devel/share/common-lisp/ros/action_exercise/msg/_package.lisp)
