Symlinking /home/nikolavukas/exercises_ws/devel/include/action_exercise/ChargingAction.h
Symlinking /home/nikolavukas/exercises_ws/devel/include/action_exercise/ChargingActionGoal.h
Symlinking /home/nikolavukas/exercises_ws/devel/include/action_exercise/ChargingActionFeedback.h
Symlinking /home/nikolavukas/exercises_ws/devel/include/action_exercise/ChargingGoal.h
Symlinking /home/nikolavukas/exercises_ws/devel/include/action_exercise/ChargingResult.h
Symlinking /home/nikolavukas/exercises_ws/devel/include/action_exercise/ChargingFeedback.h
Symlinking /home/nikolavukas/exercises_ws/devel/include/action_exercise/ChargingActionResult.h
Symlinking /home/nikolavukas/exercises_ws/devel/lib/action_exercise/charging_server
Symlinking /home/nikolavukas/exercises_ws/devel/lib/action_exercise/charging_client
Linked: (/home/nikolavukas/exercises_ws/devel/.private/action_exercise/lib/pkgconfig/action_exercise.pc, /home/nikolavukas/exercises_ws/devel/lib/pkgconfig/action_exercise.pc)
Linked: (/home/nikolavukas/exercises_ws/devel/.private/action_exercise/lib/python3/dist-packages/action_exercise/__init__.py, /home/nikolavukas/exercises_ws/devel/lib/python3/dist-packages/action_exercise/__init__.py)
Symlinking /home/nikolavukas/exercises_ws/devel/lib/python3/dist-packages/action_exercise/msg/_ChargingActionGoal.py
Symlinking /home/nikolavukas/exercises_ws/devel/lib/python3/dist-packages/action_exercise/msg/_ChargingActionResult.py
Symlinking /home/nikolavukas/exercises_ws/devel/lib/python3/dist-packages/action_exercise/msg/_ChargingAction.py
Symlinking /home/nikolavukas/exercises_ws/devel/lib/python3/dist-packages/action_exercise/msg/_ChargingResult.py
Symlinking /home/nikolavukas/exercises_ws/devel/lib/python3/dist-packages/action_exercise/msg/_ChargingGoal.py
Symlinking /home/nikolavukas/exercises_ws/devel/lib/python3/dist-packages/action_exercise/msg/_ChargingActionFeedback.py
Symlinking /home/nikolavukas/exercises_ws/devel/lib/python3/dist-packages/action_exercise/msg/_ChargingFeedback.py
Symlinking /home/nikolavukas/exercises_ws/devel/lib/python3/dist-packages/action_exercise/msg/__init__.py
Linked: (/home/nikolavukas/exercises_ws/devel/.private/action_exercise/share/action_exercise/cmake/action_exerciseConfig-version.cmake, /home/nikolavukas/exercises_ws/devel/share/action_exercise/cmake/action_exerciseConfig-version.cmake)
Linked: (/home/nikolavukas/exercises_ws/devel/.private/action_exercise/share/action_exercise/cmake/action_exercise-msg-paths.cmake, /home/nikolavukas/exercises_ws/devel/share/action_exercise/cmake/action_exercise-msg-paths.cmake)
Linked: (/home/nikolavukas/exercises_ws/devel/.private/action_exercise/share/action_exercise/cmake/action_exercise-msg-extras.cmake, /home/nikolavukas/exercises_ws/devel/share/action_exercise/cmake/action_exercise-msg-extras.cmake)
Linked: (/home/nikolavukas/exercises_ws/devel/.private/action_exercise/share/action_exercise/cmake/action_exerciseConfig.cmake, /home/nikolavukas/exercises_ws/devel/share/action_exercise/cmake/action_exerciseConfig.cmake)
Symlinking /home/nikolavukas/exercises_ws/devel/share/action_exercise/msg/ChargingResult.msg
Symlinking /home/nikolavukas/exercises_ws/devel/share/action_exercise/msg/ChargingActionFeedback.msg
Symlinking /home/nikolavukas/exercises_ws/devel/share/action_exercise/msg/ChargingFeedback.msg
Symlinking /home/nikolavukas/exercises_ws/devel/share/action_exercise/msg/ChargingAction.msg
Symlinking /home/nikolavukas/exercises_ws/devel/share/action_exercise/msg/ChargingActionResult.msg
Symlinking /home/nikolavukas/exercises_ws/devel/share/action_exercise/msg/ChargingActionGoal.msg
Symlinking /home/nikolavukas/exercises_ws/devel/share/action_exercise/msg/ChargingGoal.msg
Linked: (/home/nikolavukas/exercises_ws/devel/.private/action_exercise/share/roseus/ros/action_exercise/manifest.l, /home/nikolavukas/exercises_ws/devel/share/roseus/ros/action_exercise/manifest.l)
Symlinking /home/nikolavukas/exercises_ws/devel/share/roseus/ros/action_exercise/msg/ChargingActionGoal.l
Symlinking /home/nikolavukas/exercises_ws/devel/share/roseus/ros/action_exercise/msg/ChargingAction.l
Symlinking /home/nikolavukas/exercises_ws/devel/share/roseus/ros/action_exercise/msg/ChargingFeedback.l
Symlinking /home/nikolavukas/exercises_ws/devel/share/roseus/ros/action_exercise/msg/ChargingActionFeedback.l
Symlinking /home/nikolavukas/exercises_ws/devel/share/roseus/ros/action_exercise/msg/ChargingGoal.l
Symlinking /home/nikolavukas/exercises_ws/devel/share/roseus/ros/action_exercise/msg/ChargingResult.l
Symlinking /home/nikolavukas/exercises_ws/devel/share/roseus/ros/action_exercise/msg/ChargingActionResult.l
Symlinking /home/nikolavukas/exercises_ws/devel/share/gennodejs/ros/action_exercise/_index.js
Symlinking /home/nikolavukas/exercises_ws/devel/share/gennodejs/ros/action_exercise/msg/ChargingResult.js
Symlinking /home/nikolavukas/exercises_ws/devel/share/gennodejs/ros/action_exercise/msg/ChargingActionFeedback.js
Symlinking /home/nikolavukas/exercises_ws/devel/share/gennodejs/ros/action_exercise/msg/ChargingActionGoal.js
Symlinking /home/nikolavukas/exercises_ws/devel/share/gennodejs/ros/action_exercise/msg/ChargingAction.js
Symlinking /home/nikolavukas/exercises_ws/devel/share/gennodejs/ros/action_exercise/msg/ChargingGoal.js
Symlinking /home/nikolavukas/exercises_ws/devel/share/gennodejs/ros/action_exercise/msg/ChargingActionResult.js
Symlinking /home/nikolavukas/exercises_ws/devel/share/gennodejs/ros/action_exercise/msg/_index.js
Symlinking /home/nikolavukas/exercises_ws/devel/share/gennodejs/ros/action_exercise/msg/ChargingFeedback.js
Symlinking /home/nikolavukas/exercises_ws/devel/share/common-lisp/ros/action_exercise/msg/_package_ChargingResult.lisp
Symlinking /home/nikolavukas/exercises_ws/devel/share/common-lisp/ros/action_exercise/msg/ChargingActionFeedback.lisp
Symlinking /home/nikolavukas/exercises_ws/devel/share/common-lisp/ros/action_exercise/msg/ChargingActionResult.lisp
Symlinking /home/nikolavukas/exercises_ws/devel/share/common-lisp/ros/action_exercise/msg/ChargingActionGoal.lisp
Symlinking /home/nikolavukas/exercises_ws/devel/share/common-lisp/ros/action_exercise/msg/ChargingResult.lisp
Symlinking /home/nikolavukas/exercises_ws/devel/share/common-lisp/ros/action_exercise/msg/_package_ChargingFeedback.lisp
Symlinking /home/nikolavukas/exercises_ws/devel/share/common-lisp/ros/action_exercise/msg/ChargingFeedback.lisp
Symlinking /home/nikolavukas/exercises_ws/devel/share/common-lisp/ros/action_exercise/msg/_package_ChargingActionResult.lisp
Symlinking /home/nikolavukas/exercises_ws/devel/share/common-lisp/ros/action_exercise/msg/ChargingGoal.lisp
Symlinking /home/nikolavukas/exercises_ws/devel/share/common-lisp/ros/action_exercise/msg/_package_ChargingAction.lisp
Symlinking /home/nikolavukas/exercises_ws/devel/share/common-lisp/ros/action_exercise/msg/ChargingAction.lisp
Symlinking /home/nikolavukas/exercises_ws/devel/share/common-lisp/ros/action_exercise/msg/_package_ChargingActionFeedback.lisp
Symlinking /home/nikolavukas/exercises_ws/devel/share/common-lisp/ros/action_exercise/msg/_package_ChargingActionGoal.lisp
Symlinking /home/nikolavukas/exercises_ws/devel/share/common-lisp/ros/action_exercise/msg/action_exercise-msg.asd
Symlinking /home/nikolavukas/exercises_ws/devel/share/common-lisp/ros/action_exercise/msg/_package_ChargingGoal.lisp
Symlinking /home/nikolavukas/exercises_ws/devel/share/common-lisp/ros/action_exercise/msg/_package.lisp
